-----------------------------------------------------------------------------------------------------------------
      name:  <unnamed>
       log:  C:\Users\DELL\Desktop\PROJECT 1\hotel.log
  log type:  text
 opened on:  30 Jan 2024, 01:41:11

. import excel "C:\Users\DELL\Desktop\PROJECT 1\Hotel Booking data.xlsx", sheet("Sheet1") firstrow

. edit

. encode AgeGroup, gen(Age_group)

. drop AgeGroup

. tostring HotelRating, gen(Hotel_Rating)
Hotel_Rating generated as str3

. encode Hotel_Rating, gen(Hotel_rating)

. drop HotelRating Hotel_Rating

. tab Age_group

        Age Group |      Freq.     Percent        Cum.
------------------+-----------------------------------
Middle-aged Adult |     24,943       37.49       37.49
   Old-aged Adult |     21,497       32.31       69.80
      Young Adult |     20,095       30.20      100.00
------------------+-----------------------------------
            Total |     66,535      100.00

. tab Age_group, nolabel

  Age Group |      Freq.     Percent        Cum.
------------+-----------------------------------
          1 |     24,943       37.49       37.49
          2 |     21,497       32.31       69.80
          3 |     20,095       30.20      100.00
------------+-----------------------------------
      Total |     66,535      100.00

. tabstat NoofDays if Age_group == 3, stat(mean)

    variable |      mean
-------------+----------
    NoofDays |  3.266235
------------------------

. tabstat NoofDays if Age_group == 2, stat(mean)

    variable |      mean
-------------+----------
    NoofDays |  3.216588
------------------------

. tabstat NoofDays if Age_group == 1, stat(mean)

    variable |      mean
-------------+----------
    NoofDays |  3.222467
------------------------

. tab DestinationCountry OriginCountry,chi2 col

+-------------------+
| Key               |
|-------------------|
|     frequency     |
| column percentage |
+-------------------+

Destination |          Origin Country
    Country |  Cambodia  Indonesia   Malaysia |     Total
------------+---------------------------------+----------
     Brazil |       305        549        593 |     3,241 
            |      5.12       4.58       4.92 |      4.87 
------------+---------------------------------+----------
     Canada |       306        554        590 |     3,331 
            |      5.14       4.62       4.90 |      5.01 
------------+---------------------------------+----------
      China |       302        597        643 |     3,391 
            |      5.07       4.98       5.34 |      5.10 
------------+---------------------------------+----------
   Colombia |       327        635        611 |     3,408 
            |      5.49       5.30       5.07 |      5.12 
------------+---------------------------------+----------
    Denmark |       323        609        612 |     3,375 
            |      5.43       5.08       5.08 |      5.07 
------------+---------------------------------+----------
      Egypt |       317        610        601 |     3,422 
            |      5.33       5.09       4.99 |      5.14 
------------+---------------------------------+----------
     France |       322        594        618 |     3,346 
            |      5.41       4.96       5.13 |      5.03 
------------+---------------------------------+----------
    Germany |       296        554        599 |     3,300 
            |      4.97       4.62       4.97 |      4.96 
------------+---------------------------------+----------
    Iceland |       251        622        653 |     3,344 
            |      4.22       5.19       5.42 |      5.03 
------------+---------------------------------+----------
      India |       296        605        611 |     3,290 
            |      4.97       5.05       5.07 |      4.94 
------------+---------------------------------+----------
       Iran |       292        616        532 |     3,172 
            |      4.91       5.14       4.42 |      4.77 
------------+---------------------------------+----------
    Ireland |       290        580        637 |     3,316 
            |      4.87       4.84       5.29 |      4.98 
------------+---------------------------------+----------
     Israel |       305        631        581 |     3,356 
            |      5.12       5.26       4.82 |      5.04 
------------+---------------------------------+----------
      Italy |       298        612        601 |     3,340 
            |      5.01       5.11       4.99 |      5.02 
------------+---------------------------------+----------
      Japan |       298        596        571 |     3,255 
            |      5.01       4.97       4.74 |      4.89 
------------+---------------------------------+----------
      Kenya |       305        592        562 |     3,233 
            |      5.12       4.94       4.66 |      4.86 
------------+---------------------------------+----------
   Maldives |       266        586        623 |     3,265 
            |      4.47       4.89       5.17 |      4.91 
------------+---------------------------------+----------
     Mexico |       279        572        585 |     3,257 
            |      4.69       4.77       4.86 |      4.90 
------------+---------------------------------+----------
      Nepal |       276        655        601 |     3,446 
            |      4.64       5.46       4.99 |      5.18 
------------+---------------------------------+----------
New Zealand |       298        617        625 |     3,447 
            |      5.01       5.15       5.19 |      5.18 
------------+---------------------------------+----------
      Total |     5,952     11,986     12,049 |    66,535 
            |    100.00     100.00     100.00 |    100.00 


Destination |          Origin Country
    Country | Philipp..  Singapore   Thailand |     Total
------------+---------------------------------+----------
     Brazil |       319        577        606 |     3,241 
            |      5.00       4.79       4.98 |      4.87 
------------+---------------------------------+----------
     Canada |       351        630        622 |     3,331 
            |      5.50       5.23       5.11 |      5.01 
------------+---------------------------------+----------
      China |       306        594        636 |     3,391 
            |      4.79       4.94       5.23 |      5.10 
------------+---------------------------------+----------
   Colombia |       317        627        616 |     3,408 
            |      4.97       5.21       5.06 |      5.12 
------------+---------------------------------+----------
    Denmark |       316        623        610 |     3,375 
            |      4.95       5.18       5.01 |      5.07 
------------+---------------------------------+----------
      Egypt |       342        633        613 |     3,422 
            |      5.36       5.26       5.04 |      5.14 
------------+---------------------------------+----------
     France |       290        617        591 |     3,346 
            |      4.54       5.13       4.86 |      5.03 
------------+---------------------------------+----------
    Germany |       371        601        578 |     3,300 
            |      5.81       4.99       4.75 |      4.96 
------------+---------------------------------+----------
    Iceland |       289        644        608 |     3,344 
            |      4.53       5.35       5.00 |      5.03 
------------+---------------------------------+----------
      India |       296        567        610 |     3,290 
            |      4.64       4.71       5.01 |      4.94 
------------+---------------------------------+----------
       Iran |       325        576        583 |     3,172 
            |      5.09       4.79       4.79 |      4.77 
------------+---------------------------------+----------
    Ireland |       301        586        601 |     3,316 
            |      4.72       4.87       4.94 |      4.98 
------------+---------------------------------+----------
     Israel |       344        593        615 |     3,356 
            |      5.39       4.93       5.05 |      5.04 
------------+---------------------------------+----------
      Italy |       332        581        629 |     3,340 
            |      5.20       4.83       5.17 |      5.02 
------------+---------------------------------+----------
      Japan |       327        583        574 |     3,255 
            |      5.12       4.84       4.72 |      4.89 
------------+---------------------------------+----------
      Kenya |       303        581        597 |     3,233 
            |      4.75       4.83       4.91 |      4.86 
------------+---------------------------------+----------
   Maldives |       312        579        597 |     3,265 
            |      4.89       4.81       4.91 |      4.91 
------------+---------------------------------+----------
     Mexico |       295        595        611 |     3,257 
            |      4.62       4.94       5.02 |      4.90 
------------+---------------------------------+----------
      Nepal |       320        603        660 |     3,446 
            |      5.01       5.01       5.42 |      5.18 
------------+---------------------------------+----------
New Zealand |       327        646        613 |     3,447 
            |      5.12       5.37       5.04 |      5.18 
------------+---------------------------------+----------
      Total |     6,383     12,036     12,170 |    66,535 
            |    100.00     100.00     100.00 |    100.00 


            |   Origin
Destination |  Country
    Country |   Vietnam |     Total
------------+-----------+----------
     Brazil |       292 |     3,241 
            |      4.90 |      4.87 
------------+-----------+----------
     Canada |       278 |     3,331 
            |      4.67 |      5.01 
------------+-----------+----------
      China |       313 |     3,391 
            |      5.25 |      5.10 
------------+-----------+----------
   Colombia |       275 |     3,408 
            |      4.61 |      5.12 
------------+-----------+----------
    Denmark |       282 |     3,375 
            |      4.73 |      5.07 
------------+-----------+----------
      Egypt |       306 |     3,422 
            |      5.14 |      5.14 
------------+-----------+----------
     France |       314 |     3,346 
            |      5.27 |      5.03 
------------+-----------+----------
    Germany |       301 |     3,300 
            |      5.05 |      4.96 
------------+-----------+----------
    Iceland |       277 |     3,344 
            |      4.65 |      5.03 
------------+-----------+----------
      India |       305 |     3,290 
            |      5.12 |      4.94 
------------+-----------+----------
       Iran |       248 |     3,172 
            |      4.16 |      4.77 
------------+-----------+----------
    Ireland |       321 |     3,316 
            |      5.39 |      4.98 
------------+-----------+----------
     Israel |       287 |     3,356 
            |      4.82 |      5.04 
------------+-----------+----------
      Italy |       287 |     3,340 
            |      4.82 |      5.02 
------------+-----------+----------
      Japan |       306 |     3,255 
            |      5.14 |      4.89 
------------+-----------+----------
      Kenya |       293 |     3,233 
            |      4.92 |      4.86 
------------+-----------+----------
   Maldives |       302 |     3,265 
            |      5.07 |      4.91 
------------+-----------+----------
     Mexico |       320 |     3,257 
            |      5.37 |      4.90 
------------+-----------+----------
      Nepal |       331 |     3,446 
            |      5.55 |      5.18 
------------+-----------+----------
New Zealand |       321 |     3,447 
            |      5.39 |      5.18 
------------+-----------+----------
      Total |     5,959 |    66,535 
            |    100.00 |    100.00 

        Pearson chi2(114) = 126.2285   Pr = 0.204

. pwcorr NoOfPeople Rooms, sig

             | NoOfPe~e    Rooms
-------------+------------------
  NoOfPeople |   1.0000 
             |
             |
       Rooms |   0.9708   1.0000 
             |   0.0000
             |

. pwcorr Discount NoofDays,sig

             | Discount NoofDays
-------------+------------------
    Discount |   1.0000 
             |
             |
    NoofDays |   0.0020   1.0000 
             |   0.6010
             |

. anova BookingPriceSGD Hotel_rating

                         Number of obs =     66,535    R-sq
> uared     =  0.3439
                         Root MSE      =    87.5873    Adj 
> R-squared =  0.3438

                  Source | Partial SS         df         MS
>         F    Prob>F
             ------------+---------------------------------
> -------------------
                   Model |  2.675e+08         10    2675415
> 5   3487.46  0.0000
                         |
             Hotel_rat~g |  2.675e+08         10    2675415
> 5   3487.46  0.0000
                         |
                Residual |  5.103e+08     66,524   7671.536
> 5  
             ------------+---------------------------------
> -------------------
                   Total |  7.779e+08     66,534   11691.50
> 9  

. anova BookingPriceSGD Hotel_rating

                         Number of obs =     66,535    R-squared     =  0.3439
                         Root MSE      =    87.5873    Adj R-squared =  0.3438

                  Source | Partial SS         df         MS        F    Prob>F
             ------------+----------------------------------------------------
                   Model |  2.675e+08         10    26754155   3487.46  0.0000
                         |
             Hotel_rat~g |  2.675e+08         10    26754155   3487.46  0.0000
                         |
                Residual |  5.103e+08     66,524   7671.5365  
             ------------+----------------------------------------------------
                   Total |  7.779e+08     66,534   11691.509  

. tab Hotel_rating

      Hotel |
     Rating |      Freq.     Percent        Cum.
------------+-----------------------------------
        3.3 |      1,296        1.95        1.95
        3.7 |      1,347        2.02        3.97
        3.8 |      4,133        6.21       10.18
        3.9 |      1,355        2.04       12.22
        4.1 |      6,569        9.87       22.09
        4.2 |     12,424       18.67       40.77
        4.3 |      9,348       14.05       54.82
        4.4 |      8,374       12.59       67.40
        4.5 |      9,681       14.55       81.95
        4.6 |     10,725       16.12       98.07
        4.7 |      1,283        1.93      100.00
------------+-----------------------------------
      Total |     66,535      100.00

. save "C:\Users\DELL\Desktop\PROJECT 1\Stata for hotel_bookings.dta"
file C:\Users\DELL\Desktop\PROJECT 1\Stata for hotel_bookings.dta saved

. exit, clear
